# JRE version: OpenJDK Runtime Environment (11.0.1+13) (build 11.0.1+13)
# Java VM: OpenJDK 64-Bit Server VM (11.0.1+13, mixed mode, tiered, compressed oops, g1 gc, windows-amd64)
Heap:
 garbage-first heap   total 421888K, used 291479K [0x00000000c0000000, 0x0000000100000000)
  region size 1024K, 127 young (130048K), 24 survivors (24576K)
 Metaspace       used 58056K, capacity 60939K, committed 61056K, reserved 1101824K
  class space    used 6668K, capacity 7709K, committed 7808K, reserved 1048576K
GC Heap History (10 events):
Event: 42.564 GC heap before
{Heap before GC invocations=31 (full 0):
 garbage-first heap   total 265216K, used 199113K [0x00000000c0000000, 0x0000000100000000)
  region size 1024K, 84 young (86016K), 10 survivors (10240K)
 Metaspace       used 44978K, capacity 47479K, committed 47616K, reserved 1091584K
  class space    used 4735K, capacity 5584K, committed 5632K, reserved 1048576K
}
Event: 42.603 GC heap after
{Heap after GC invocations=32 (full 0):
 garbage-first heap   total 265216K, used 131473K [0x00000000c0000000, 0x0000000100000000)
  region size 1024K, 8 young (8192K), 8 survivors (8192K)
 Metaspace       used 44978K, capacity 47479K, committed 47616K, reserved 1091584K
  class space    used 4735K, capacity 5584K, committed 5632K, reserved 1048576K
}
Event: 43.049 GC heap before
{Heap before GC invocations=32 (full 0):
 garbage-first heap   total 265216K, used 206225K [0x00000000c0000000, 0x0000000100000000)
  region size 1024K, 81 young (82944K), 8 survivors (8192K)
 Metaspace       used 45163K, capacity 47639K, committed 47872K, reserved 1091584K
  class space    used 4776K, capacity 5616K, committed 5632K, reserved 1048576K
}
Event: 43.084 GC heap after
{Heap after GC invocations=33 (full 0):
 garbage-first heap   total 265216K, used 140288K [0x00000000c0000000, 0x0000000100000000)
  region size 1024K, 9 young (9216K), 9 survivors (9216K)
 Metaspace       used 45163K, capacity 47639K, committed 47872K, reserved 1091584K
  class space    used 4776K, capacity 5616K, committed 5632K, reserved 1048576K
}
Event: 43.486 GC heap before
{Heap before GC invocations=33 (full 0):
 garbage-first heap   total 265216K, used 209920K [0x00000000c0000000, 0x0000000100000000)
  region size 1024K, 79 young (80896K), 9 survivors (9216K)
 Metaspace       used 45207K, capacity 47735K, committed 48000K, reserved 1091584K
  class space    used 4787K, capacity 5648K, committed 5760K, reserved 1048576K
}
Event: 43.561 GC heap after
{Heap after GC invocations=34 (full 0):
 garbage-first heap   total 421888K, used 145511K [0x00000000c0000000, 0x0000000100000000)
  region size 1024K, 8 young (8192K), 8 survivors (8192K)
 Metaspace       used 45207K, capacity 47735K, committed 48000K, reserved 1091584K
  class space    used 4787K, capacity 5648K, committed 5760K, reserved 1048576K
}
Event: 44.564 GC heap before
{Heap before GC invocations=35 (full 0):
 garbage-first heap   total 421888K, used 261223K [0x00000000c0000000, 0x0000000100000000)
  region size 1024K, 121 young (123904K), 8 survivors (8192K)
 Metaspace       used 45753K, capacity 48248K, committed 48512K, reserved 1091584K
  class space    used 4855K, capacity 5712K, committed 5760K, reserved 1048576K
}
Event: 44.597 GC heap after
{Heap after GC invocations=36 (full 0):
 garbage-first heap   total 421888K, used 157065K [0x00000000c0000000, 0x0000000100000000)
  region size 1024K, 16 young (16384K), 16 survivors (16384K)
 Metaspace       used 45753K, capacity 48248K, committed 48512K, reserved 1091584K
  class space    used 4855K, capacity 5712K, committed 5760K, reserved 1048576K
}
Event: 48.836 GC heap before
{Heap before GC invocations=36 (full 0):
 garbage-first heap   total 421888K, used 345481K [0x00000000c0000000, 0x0000000100000000)
  region size 1024K, 189 young (193536K), 16 survivors (16384K)
 Metaspace       used 46239K, capacity 48728K, committed 48768K, reserved 1091584K
  class space    used 4876K, capacity 5744K, committed 5760K, reserved 1048576K
}
Event: 48.931 GC heap after
{Heap after GC invocations=37 (full 0):
 garbage-first heap   total 421888K, used 188055K [0x00000000c0000000, 0x0000000100000000)
  region size 1024K, 24 young (24576K), 24 survivors (24576K)
 Metaspace       used 46239K, capacity 48728K, committed 48768K, reserved 1091584K
  class space    used 4876K, capacity 5744K, committed 5760K, reserved 1048576K
}

